<?xml version="1.0" encoding="UTF-8"?>
<!-- Generated by org.testng.reporters.JUnitXMLReporter -->
<testsuite ignored="0" hostname="DESKTOP-GRBAGJJ" failures="0" tests="4" name="Default test" time="0.112" errors="0" timestamp="2024-12-02T20:29:40 GMT-08:00">
  <testcase classname="org.execute.TestScriptTestngdemo" name="tc01" time="0.012"/>
  <testcase classname="org.execute.TestScriptTestngdemo" name="tc02" time="0.001"/>
  <testcase classname="org.execute.TestScriptTestngdemo" name="tc03" time="0.002"/>
  <testcase classname="org.execute.TestScriptTestngdemo" name="tc04" time="0.002"/>
</testsuite> <!-- Default test -->
