<?xml version="1.0" encoding="UTF-8"?>
<testng-results ignored="0" total="4" passed="4" failed="0" skipped="0">
  <reporter-output>
  </reporter-output>
  <suite started-at="2024-12-02T20:29:40 GMT-08:00" name="Default suite" finished-at="2024-12-02T20:29:40 GMT-08:00" duration-ms="112">
    <groups>
    </groups>
    <test started-at="2024-12-02T20:29:40 GMT-08:00" name="Default test" finished-at="2024-12-02T20:29:40 GMT-08:00" duration-ms="112">
      <class name="org.execute.TestScriptTestngdemo">
        <test-method signature="tc01()[pri:0, instance:org.execute.TestScriptTestngdemo@4b0d79fc]" started-at="2024-12-02T20:29:40 GMT-08:00" name="tc01" finished-at="2024-12-02T20:29:40 GMT-08:00" duration-ms="12" status="PASS">
          <reporter-output>
          </reporter-output>
        </test-method> <!-- tc01 -->
        <test-method signature="tc02()[pri:0, instance:org.execute.TestScriptTestngdemo@4b0d79fc]" started-at="2024-12-02T20:29:40 GMT-08:00" name="tc02" finished-at="2024-12-02T20:29:40 GMT-08:00" duration-ms="1" status="PASS">
          <reporter-output>
          </reporter-output>
        </test-method> <!-- tc02 -->
        <test-method signature="tc03()[pri:0, instance:org.execute.TestScriptTestngdemo@4b0d79fc]" started-at="2024-12-02T20:29:40 GMT-08:00" name="tc03" finished-at="2024-12-02T20:29:40 GMT-08:00" duration-ms="2" status="PASS">
          <reporter-output>
          </reporter-output>
        </test-method> <!-- tc03 -->
        <test-method signature="tc04()[pri:0, instance:org.execute.TestScriptTestngdemo@4b0d79fc]" started-at="2024-12-02T20:29:40 GMT-08:00" name="tc04" finished-at="2024-12-02T20:29:40 GMT-08:00" duration-ms="2" status="PASS">
          <reporter-output>
          </reporter-output>
        </test-method> <!-- tc04 -->
      </class> <!-- org.execute.TestScriptTestngdemo -->
    </test> <!-- Default test -->
  </suite> <!-- Default suite -->
</testng-results>
